
61. Printing statistics.

=== fifo ===

   Number of wires:                343
   Number of wire bits:            357
   Number of public wires:          82
   Number of public wire bits:      96
   Number of memories:               0
   Number of memory bits:            0
   Number of processes:              0
   Number of cells:                345
     sky130_fd_sc_hd__a21o_2         2
     sky130_fd_sc_hd__a21oi_2        1
     sky130_fd_sc_hd__a221o_2        8
     sky130_fd_sc_hd__a22o_2        24
     sky130_fd_sc_hd__and2_2         4
     sky130_fd_sc_hd__and3_2         3
     sky130_fd_sc_hd__and3b_2        2
     sky130_fd_sc_hd__and4_2         1
     sky130_fd_sc_hd__and4b_2       10
     sky130_fd_sc_hd__and4bb_2       2
     sky130_fd_sc_hd__buf_1         73
     sky130_fd_sc_hd__dfrtp_2       10
     sky130_fd_sc_hd__dfxtp_2       72
     sky130_fd_sc_hd__inv_2         11
     sky130_fd_sc_hd__mux2_2        67
     sky130_fd_sc_hd__nand2_2        4
     sky130_fd_sc_hd__nand3b_2       1
     sky130_fd_sc_hd__nor2_2        10
     sky130_fd_sc_hd__nor3b_2        2
     sky130_fd_sc_hd__nor4_2         1
     sky130_fd_sc_hd__o21a_2         9
     sky130_fd_sc_hd__o221a_2        1
     sky130_fd_sc_hd__o41a_2         1
     sky130_fd_sc_hd__o41ai_2        1
     sky130_fd_sc_hd__or2b_2         8
     sky130_fd_sc_hd__or3_2          9
     sky130_fd_sc_hd__or4b_2         2
     sky130_fd_sc_hd__xnor2_2        3
     sky130_fd_sc_hd__xor2_2         3

   Chip area for module '\fifo': 3951.289600

